# JRE version: Java(TM) SE Runtime Environment (17.0.12+8) (build 17.0.12+8-LTS-286)
# Java VM: Java HotSpot(TM) 64-Bit Server VM (17.0.12+8-LTS-286, mixed mode, emulated-client, sharing, tiered, compressed oops, compressed class ptrs, g1 gc, windows-amd64)
GC Precious Log:
 CPUs: 4 total, 4 available
 Memory: 8073M
 Large Page Support: Disabled
 NUMA Support: Disabled
 Compressed Oops: Enabled (32-bit)
 Heap Region Size: 1M
 Heap Min Capacity: 8M
 Heap Initial Capacity: 128M
 Heap Max Capacity: 2020M
 Pre-touch: Disabled
 Parallel Workers: 4
 Concurrent Workers: 1
 Concurrent Refinement Workers: 4
 Periodic GC: Disabled
Heap:
 garbage-first heap   total 81920K, used 23723K [0x0000000081c00000, 0x0000000100000000)
  region size 1024K, 6 young (6144K), 3 survivors (3072K)
 Metaspace       used 36158K, committed 36608K, reserved 1114112K
  class space    used 5156K, committed 5376K, reserved 1048576K
GC Heap History (16 events):
Event: 0.655 GC heap before
{Heap before GC invocations=0 (full 0):
 garbage-first heap   total 131072K, used 14336K [0x0000000081c00000, 0x0000000100000000)
  region size 1024K, 13 young (13312K), 0 survivors (0K)
 Metaspace       used 2481K, committed 2624K, reserved 1114112K
  class space    used 313K, committed 384K, reserved 1048576K
}
Event: 0.661 GC heap after
{Heap after GC invocations=1 (full 0):
 garbage-first heap   total 131072K, used 7232K [0x0000000081c00000, 0x0000000100000000)
  region size 1024K, 2 young (2048K), 2 survivors (2048K)
 Metaspace       used 2481K, committed 2624K, reserved 1114112K
  class space    used 313K, committed 384K, reserved 1048576K
}
Event: 1.287 GC heap before
{Heap before GC invocations=1 (full 0):
 garbage-first heap   total 131072K, used 19520K [0x0000000081c00000, 0x0000000100000000)
  region size 1024K, 14 young (14336K), 2 survivors (2048K)
 Metaspace       used 5507K, committed 5760K, reserved 1114112K
  class space    used 769K, committed 896K, reserved 1048576K
}
Event: 1.293 GC heap after
{Heap after GC invocations=2 (full 0):
 garbage-first heap   total 131072K, used 8391K [0x0000000081c00000, 0x0000000100000000)
  region size 1024K, 2 young (2048K), 2 survivors (2048K)
 Metaspace       used 5507K, committed 5760K, reserved 1114112K
  class space    used 769K, committed 896K, reserved 1048576K
}
Event: 1.830 GC heap before
{Heap before GC invocations=2 (full 0):
 garbage-first heap   total 131072K, used 29895K [0x0000000081c00000, 0x0000000100000000)
  region size 1024K, 24 young (24576K), 2 survivors (2048K)
 Metaspace       used 10322K, committed 10624K, reserved 1114112K
  class space    used 1444K, committed 1600K, reserved 1048576K
}
Event: 1.835 GC heap after
{Heap after GC invocations=3 (full 0):
 garbage-first heap   total 131072K, used 10353K [0x0000000081c00000, 0x0000000100000000)
  region size 1024K, 3 young (3072K), 3 survivors (3072K)
 Metaspace       used 10322K, committed 10624K, reserved 1114112K
  class space    used 1444K, committed 1600K, reserved 1048576K
}
Event: 4.010 GC heap before
{Heap before GC invocations=3 (full 0):
 garbage-first heap   total 131072K, used 82033K [0x0000000081c00000, 0x0000000100000000)
  region size 1024K, 75 young (76800K), 3 survivors (3072K)
 Metaspace       used 21084K, committed 21504K, reserved 1114112K
  class space    used 2958K, committed 3136K, reserved 1048576K
}
Event: 4.032 GC heap after
{Heap after GC invocations=4 (full 0):
 garbage-first heap   total 131072K, used 16315K [0x0000000081c00000, 0x0000000100000000)
  region size 1024K, 9 young (9216K), 9 survivors (9216K)
 Metaspace       used 21084K, committed 21504K, reserved 1114112K
  class space    used 2958K, committed 3136K, reserved 1048576K
}
Event: 5.115 GC heap before
{Heap before GC invocations=5 (full 0):
 garbage-first heap   total 61440K, used 43963K [0x0000000081c00000, 0x0000000100000000)
  region size 1024K, 36 young (36864K), 9 survivors (9216K)
 Metaspace       used 26151K, committed 26624K, reserved 1114112K
  class space    used 3678K, committed 3904K, reserved 1048576K
}
Event: 5.146 GC heap after
{Heap after GC invocations=6 (full 0):
 garbage-first heap   total 61440K, used 19323K [0x0000000081c00000, 0x0000000100000000)
  region size 1024K, 4 young (4096K), 4 survivors (4096K)
 Metaspace       used 26151K, committed 26624K, reserved 1114112K
  class space    used 3678K, committed 3904K, reserved 1048576K
}
Event: 5.181 GC heap before
{Heap before GC invocations=6 (full 0):
 garbage-first heap   total 61440K, used 20347K [0x0000000081c00000, 0x0000000100000000)
  region size 1024K, 5 young (5120K), 4 survivors (4096K)
 Metaspace       used 26362K, committed 26752K, reserved 1114112K
  class space    used 3711K, committed 3904K, reserved 1048576K
}
Event: 5.193 GC heap after
{Heap after GC invocations=7 (full 0):
 garbage-first heap   total 61440K, used 19699K [0x0000000081c00000, 0x0000000100000000)
  region size 1024K, 1 young (1024K), 1 survivors (1024K)
 Metaspace       used 26362K, committed 26752K, reserved 1114112K
  class space    used 3711K, committed 3904K, reserved 1048576K
}
Event: 5.935 GC heap before
{Heap before GC invocations=7 (full 0):
 garbage-first heap   total 61440K, used 42227K [0x0000000081c00000, 0x0000000100000000)
  region size 1024K, 24 young (24576K), 1 survivors (1024K)
 Metaspace       used 31504K, committed 31936K, reserved 1114112K
  class space    used 4470K, committed 4672K, reserved 1048576K
}
Event: 5.946 GC heap after
{Heap after GC invocations=8 (full 0):
 garbage-first heap   total 61440K, used 20563K [0x0000000081c00000, 0x0000000100000000)
  region size 1024K, 2 young (2048K), 2 survivors (2048K)
 Metaspace       used 31504K, committed 31936K, reserved 1114112K
  class space    used 4470K, committed 4672K, reserved 1048576K
}
Event: 6.389 GC heap before
{Heap before GC invocations=8 (full 0):
 garbage-first heap   total 61440K, used 36947K [0x0000000081c00000, 0x0000000100000000)
  region size 1024K, 19 young (19456K), 2 survivors (2048K)
 Metaspace       used 35529K, committed 35968K, reserved 1114112K
  class space    used 5062K, committed 5248K, reserved 1048576K
}
Event: 6.398 GC heap after
{Heap after GC invocations=9 (full 0):
 garbage-first heap   total 113664K, used 21675K [0x0000000081c00000, 0x0000000100000000)
  region size 1024K, 3 young (3072K), 3 survivors (3072K)
 Metaspace       used 35529K, committed 35968K, reserved 1114112K
  class space    used 5062K, committed 5248K, reserved 1048576K
}

