# JRE version: OpenJDK Runtime Environment Temurin-21.0.7+6 (21.0.7+6) (build 21.0.7+6-LTS)
# Java VM: OpenJDK 64-Bit Server VM Temurin-21.0.7+6 (21.0.7+6-LTS, mixed mode, sharing, tiered, compressed oops, compressed class ptrs, parallel gc, windows-amd64)
GC Precious Log:
 CardTable entry size: 512
 CPUs: 4 total, 4 available
 Memory: 8073M
 Large Page Support: Disabled
 NUMA Support: Disabled
 Compressed Oops: Enabled (32-bit)
 Alignments: Space 512K, Generation 512K, Heap 2M
 Heap Min Capacity: 100M
 Heap Initial Capacity: 100M
 Heap Max Capacity: 1G
 Pre-touch: Disabled
 Parallel Workers: 4
Heap:
 PSYoungGen      total 17920K, used 10000K [0x00000000eab00000, 0x00000000ec000000, 0x0000000100000000)
  eden space 15872K, 59% used [0x00000000eab00000,0x00000000eb444308,0x00000000eba80000)
  from space 2048K, 25% used [0x00000000ebc00000,0x00000000ebc80000,0x00000000ebe00000)
  to   space 1024K, 0% used [0x00000000ebf00000,0x00000000ebf00000,0x00000000ec000000)
 ParOldGen       total 68608K, used 49867K [0x00000000c0000000, 0x00000000c4300000, 0x00000000eab00000)
  object space 68608K, 72% used [0x00000000c0000000,0x00000000c30b2ef0,0x00000000c4300000)
 Metaspace       used 46751K, committed 47872K, reserved 1114112K
  class space    used 4508K, committed 4992K, reserved 1048576K
GC Heap History (20 events):
Event: 38.516 GC heap before
{Heap before GC invocations=34 (full 2):
 PSYoungGen      total 18432K, used 18352K [0x00000000eab00000, 0x00000000ebf00000, 0x0000000100000000)
  eden space 17408K, 100% used [0x00000000eab00000,0x00000000ebc00000,0x00000000ebc00000)
  from space 1024K, 92% used [0x00000000ebc80000,0x00000000ebd6c030,0x00000000ebd80000)
  to   space 1536K, 0% used [0x00000000ebd80000,0x00000000ebd80000,0x00000000ebf00000)
 ParOldGen       total 68608K, used 38340K [0x00000000c0000000, 0x00000000c4300000, 0x00000000eab00000)
  object space 68608K, 55% used [0x00000000c0000000,0x00000000c2571070,0x00000000c4300000)
 Metaspace       used 44477K, committed 45568K, reserved 1114112K
  class space    used 4293K, committed 4800K, reserved 1048576K
}
Event: 38.521 GC heap after
{Heap after GC invocations=34 (full 2):
 PSYoungGen      total 17408K, used 1504K [0x00000000eab00000, 0x00000000ec200000, 0x0000000100000000)
  eden space 15872K, 0% used [0x00000000eab00000,0x00000000eab00000,0x00000000eba80000)
  from space 1536K, 97% used [0x00000000ebd80000,0x00000000ebef8020,0x00000000ebf00000)
  to   space 3072K, 0% used [0x00000000eba80000,0x00000000eba80000,0x00000000ebd80000)
 ParOldGen       total 68608K, used 39465K [0x00000000c0000000, 0x00000000c4300000, 0x00000000eab00000)
  object space 68608K, 57% used [0x00000000c0000000,0x00000000c268a580,0x00000000c4300000)
 Metaspace       used 44477K, committed 45568K, reserved 1114112K
  class space    used 4293K, committed 4800K, reserved 1048576K
}
Event: 38.919 GC heap before
{Heap before GC invocations=35 (full 2):
 PSYoungGen      total 17408K, used 17376K [0x00000000eab00000, 0x00000000ec200000, 0x0000000100000000)
  eden space 15872K, 100% used [0x00000000eab00000,0x00000000eba80000,0x00000000eba80000)
  from space 1536K, 97% used [0x00000000ebd80000,0x00000000ebef8020,0x00000000ebf00000)
  to   space 3072K, 0% used [0x00000000eba80000,0x00000000eba80000,0x00000000ebd80000)
 ParOldGen       total 68608K, used 39465K [0x00000000c0000000, 0x00000000c4300000, 0x00000000eab00000)
  object space 68608K, 57% used [0x00000000c0000000,0x00000000c268a580,0x00000000c4300000)
 Metaspace       used 44574K, committed 45696K, reserved 1114112K
  class space    used 4294K, committed 4800K, reserved 1048576K
}
Event: 38.924 GC heap after
{Heap after GC invocations=35 (full 2):
 PSYoungGen      total 17408K, used 1072K [0x00000000eab00000, 0x00000000ebe80000, 0x0000000100000000)
  eden space 15872K, 0% used [0x00000000eab00000,0x00000000eab00000,0x00000000eba80000)
  from space 1536K, 69% used [0x00000000eba80000,0x00000000ebb8c010,0x00000000ebc00000)
  to   space 2048K, 0% used [0x00000000ebc80000,0x00000000ebc80000,0x00000000ebe80000)
 ParOldGen       total 68608K, used 40893K [0x00000000c0000000, 0x00000000c4300000, 0x00000000eab00000)
  object space 68608K, 59% used [0x00000000c0000000,0x00000000c27ef7f0,0x00000000c4300000)
 Metaspace       used 44574K, committed 45696K, reserved 1114112K
  class space    used 4294K, committed 4800K, reserved 1048576K
}
Event: 39.713 GC heap before
{Heap before GC invocations=36 (full 2):
 PSYoungGen      total 17408K, used 16944K [0x00000000eab00000, 0x00000000ebe80000, 0x0000000100000000)
  eden space 15872K, 100% used [0x00000000eab00000,0x00000000eba80000,0x00000000eba80000)
  from space 1536K, 69% used [0x00000000eba80000,0x00000000ebb8c010,0x00000000ebc00000)
  to   space 2048K, 0% used [0x00000000ebc80000,0x00000000ebc80000,0x00000000ebe80000)
 ParOldGen       total 68608K, used 40893K [0x00000000c0000000, 0x00000000c4300000, 0x00000000eab00000)
  object space 68608K, 59% used [0x00000000c0000000,0x00000000c27ef7f0,0x00000000c4300000)
 Metaspace       used 44808K, committed 45952K, reserved 1114112K
  class space    used 4306K, committed 4800K, reserved 1048576K
}
Event: 39.716 GC heap after
{Heap after GC invocations=36 (full 2):
 PSYoungGen      total 16384K, used 352K [0x00000000eab00000, 0x00000000ebd00000, 0x0000000100000000)
  eden space 15872K, 0% used [0x00000000eab00000,0x00000000eab00000,0x00000000eba80000)
  from space 512K, 68% used [0x00000000ebc80000,0x00000000ebcd8000,0x00000000ebd00000)
  to   space 1024K, 0% used [0x00000000ebb00000,0x00000000ebb00000,0x00000000ebc00000)
 ParOldGen       total 68608K, used 41850K [0x00000000c0000000, 0x00000000c4300000, 0x00000000eab00000)
  object space 68608K, 60% used [0x00000000c0000000,0x00000000c28dea40,0x00000000c4300000)
 Metaspace       used 44808K, committed 45952K, reserved 1114112K
  class space    used 4306K, committed 4800K, reserved 1048576K
}
Event: 40.419 GC heap before
{Heap before GC invocations=37 (full 2):
 PSYoungGen      total 16384K, used 16224K [0x00000000eab00000, 0x00000000ebd00000, 0x0000000100000000)
  eden space 15872K, 100% used [0x00000000eab00000,0x00000000eba80000,0x00000000eba80000)
  from space 512K, 68% used [0x00000000ebc80000,0x00000000ebcd8000,0x00000000ebd00000)
  to   space 1024K, 0% used [0x00000000ebb00000,0x00000000ebb00000,0x00000000ebc00000)
 ParOldGen       total 68608K, used 41850K [0x00000000c0000000, 0x00000000c4300000, 0x00000000eab00000)
  object space 68608K, 60% used [0x00000000c0000000,0x00000000c28dea40,0x00000000c4300000)
 Metaspace       used 44960K, committed 46080K, reserved 1114112K
  class space    used 4306K, committed 4800K, reserved 1048576K
}
Event: 40.424 GC heap after
{Heap after GC invocations=37 (full 2):
 PSYoungGen      total 16896K, used 1024K [0x00000000eab00000, 0x00000000ebf80000, 0x0000000100000000)
  eden space 15872K, 0% used [0x00000000eab00000,0x00000000eab00000,0x00000000eba80000)
  from space 1024K, 100% used [0x00000000ebb00000,0x00000000ebc00000,0x00000000ebc00000)
  to   space 2560K, 0% used [0x00000000ebd00000,0x00000000ebd00000,0x00000000ebf80000)
 ParOldGen       total 68608K, used 43009K [0x00000000c0000000, 0x00000000c4300000, 0x00000000eab00000)
  object space 68608K, 62% used [0x00000000c0000000,0x00000000c2a00550,0x00000000c4300000)
 Metaspace       used 44960K, committed 46080K, reserved 1114112K
  class space    used 4306K, committed 4800K, reserved 1048576K
}
Event: 40.999 GC heap before
{Heap before GC invocations=38 (full 2):
 PSYoungGen      total 16896K, used 16896K [0x00000000eab00000, 0x00000000ebf80000, 0x0000000100000000)
  eden space 15872K, 100% used [0x00000000eab00000,0x00000000eba80000,0x00000000eba80000)
  from space 1024K, 100% used [0x00000000ebb00000,0x00000000ebc00000,0x00000000ebc00000)
  to   space 2560K, 0% used [0x00000000ebd00000,0x00000000ebd00000,0x00000000ebf80000)
 ParOldGen       total 68608K, used 43009K [0x00000000c0000000, 0x00000000c4300000, 0x00000000eab00000)
  object space 68608K, 62% used [0x00000000c0000000,0x00000000c2a00550,0x00000000c4300000)
 Metaspace       used 45034K, committed 46144K, reserved 1114112K
  class space    used 4307K, committed 4800K, reserved 1048576K
}
Event: 41.002 GC heap after
{Heap after GC invocations=38 (full 2):
 PSYoungGen      total 16896K, used 624K [0x00000000eab00000, 0x00000000ebe00000, 0x0000000100000000)
  eden space 15872K, 0% used [0x00000000eab00000,0x00000000eab00000,0x00000000eba80000)
  from space 1024K, 60% used [0x00000000ebd00000,0x00000000ebd9c030,0x00000000ebe00000)
  to   space 1536K, 0% used [0x00000000ebb00000,0x00000000ebb00000,0x00000000ebc80000)
 ParOldGen       total 68608K, used 44012K [0x00000000c0000000, 0x00000000c4300000, 0x00000000eab00000)
  object space 68608K, 64% used [0x00000000c0000000,0x00000000c2afb120,0x00000000c4300000)
 Metaspace       used 45034K, committed 46144K, reserved 1114112K
  class space    used 4307K, committed 4800K, reserved 1048576K
}
Event: 41.874 GC heap before
{Heap before GC invocations=39 (full 2):
 PSYoungGen      total 16896K, used 16496K [0x00000000eab00000, 0x00000000ebe00000, 0x0000000100000000)
  eden space 15872K, 99% used [0x00000000eab00000,0x00000000eba7ffd8,0x00000000eba80000)
  from space 1024K, 60% used [0x00000000ebd00000,0x00000000ebd9c030,0x00000000ebe00000)
  to   space 1536K, 0% used [0x00000000ebb00000,0x00000000ebb00000,0x00000000ebc80000)
 ParOldGen       total 68608K, used 44012K [0x00000000c0000000, 0x00000000c4300000, 0x00000000eab00000)
  object space 68608K, 64% used [0x00000000c0000000,0x00000000c2afb120,0x00000000c4300000)
 Metaspace       used 45106K, committed 46208K, reserved 1114112K
  class space    used 4310K, committed 4800K, reserved 1048576K
}
Event: 41.878 GC heap after
{Heap after GC invocations=39 (full 2):
 PSYoungGen      total 16896K, used 960K [0x00000000eab00000, 0x00000000ebd80000, 0x0000000100000000)
  eden space 15872K, 0% used [0x00000000eab00000,0x00000000eab00000,0x00000000eba80000)
  from space 1024K, 93% used [0x00000000ebb00000,0x00000000ebbf0040,0x00000000ebc00000)
  to   space 1536K, 0% used [0x00000000ebc00000,0x00000000ebc00000,0x00000000ebd80000)
 ParOldGen       total 68608K, used 44559K [0x00000000c0000000, 0x00000000c4300000, 0x00000000eab00000)
  object space 68608K, 64% used [0x00000000c0000000,0x00000000c2b83d90,0x00000000c4300000)
 Metaspace       used 45106K, committed 46208K, reserved 1114112K
  class space    used 4310K, committed 4800K, reserved 1048576K
}
Event: 44.046 GC heap before
{Heap before GC invocations=40 (full 2):
 PSYoungGen      total 16896K, used 16832K [0x00000000eab00000, 0x00000000ebd80000, 0x0000000100000000)
  eden space 15872K, 100% used [0x00000000eab00000,0x00000000eba80000,0x00000000eba80000)
  from space 1024K, 93% used [0x00000000ebb00000,0x00000000ebbf0040,0x00000000ebc00000)
  to   space 1536K, 0% used [0x00000000ebc00000,0x00000000ebc00000,0x00000000ebd80000)
 ParOldGen       total 68608K, used 44559K [0x00000000c0000000, 0x00000000c4300000, 0x00000000eab00000)
  object space 68608K, 64% used [0x00000000c0000000,0x00000000c2b83d90,0x00000000c4300000)
 Metaspace       used 45395K, committed 46464K, reserved 1114112K
  class space    used 4338K, committed 4800K, reserved 1048576K
}
Event: 44.051 GC heap after
{Heap after GC invocations=40 (full 2):
 PSYoungGen      total 17408K, used 1269K [0x00000000eab00000, 0x00000000ebd80000, 0x0000000100000000)
  eden space 15872K, 0% used [0x00000000eab00000,0x00000000eab00000,0x00000000eba80000)
  from space 1536K, 82% used [0x00000000ebc00000,0x00000000ebd3d470,0x00000000ebd80000)
  to   space 1536K, 0% used [0x00000000eba80000,0x00000000eba80000,0x00000000ebc00000)
 ParOldGen       total 68608K, used 45455K [0x00000000c0000000, 0x00000000c4300000, 0x00000000eab00000)
  object space 68608K, 66% used [0x00000000c0000000,0x00000000c2c63df0,0x00000000c4300000)
 Metaspace       used 45395K, committed 46464K, reserved 1114112K
  class space    used 4338K, committed 4800K, reserved 1048576K
}
Event: 51.218 GC heap before
{Heap before GC invocations=41 (full 2):
 PSYoungGen      total 17408K, used 17141K [0x00000000eab00000, 0x00000000ebd80000, 0x0000000100000000)
  eden space 15872K, 100% used [0x00000000eab00000,0x00000000eba80000,0x00000000eba80000)
  from space 1536K, 82% used [0x00000000ebc00000,0x00000000ebd3d470,0x00000000ebd80000)
  to   space 1536K, 0% used [0x00000000eba80000,0x00000000eba80000,0x00000000ebc00000)
 ParOldGen       total 68608K, used 45455K [0x00000000c0000000, 0x00000000c4300000, 0x00000000eab00000)
  object space 68608K, 66% used [0x00000000c0000000,0x00000000c2c63df0,0x00000000c4300000)
 Metaspace       used 46192K, committed 47232K, reserved 1114112K
  class space    used 4417K, committed 4864K, reserved 1048576K
}
Event: 51.225 GC heap after
{Heap after GC invocations=41 (full 2):
 PSYoungGen      total 17408K, used 1536K [0x00000000eab00000, 0x00000000ec480000, 0x0000000100000000)
  eden space 15872K, 0% used [0x00000000eab00000,0x00000000eab00000,0x00000000eba80000)
  from space 1536K, 100% used [0x00000000eba80000,0x00000000ebc00000,0x00000000ebc00000)
  to   space 5120K, 0% used [0x00000000ebf80000,0x00000000ebf80000,0x00000000ec480000)
 ParOldGen       total 68608K, used 48182K [0x00000000c0000000, 0x00000000c4300000, 0x00000000eab00000)
  object space 68608K, 70% used [0x00000000c0000000,0x00000000c2f0d9a8,0x00000000c4300000)
 Metaspace       used 46192K, committed 47232K, reserved 1114112K
  class space    used 4417K, committed 4864K, reserved 1048576K
}
Event: 62.347 GC heap before
{Heap before GC invocations=42 (full 2):
 PSYoungGen      total 17408K, used 17408K [0x00000000eab00000, 0x00000000ec480000, 0x0000000100000000)
  eden space 15872K, 100% used [0x00000000eab00000,0x00000000eba80000,0x00000000eba80000)
  from space 1536K, 100% used [0x00000000eba80000,0x00000000ebc00000,0x00000000ebc00000)
  to   space 5120K, 0% used [0x00000000ebf80000,0x00000000ebf80000,0x00000000ec480000)
 ParOldGen       total 68608K, used 48182K [0x00000000c0000000, 0x00000000c4300000, 0x00000000eab00000)
  object space 68608K, 70% used [0x00000000c0000000,0x00000000c2f0d9a8,0x00000000c4300000)
 Metaspace       used 46272K, committed 47424K, reserved 1114112K
  class space    used 4421K, committed 4928K, reserved 1048576K
}
Event: 62.351 GC heap after
{Heap after GC invocations=42 (full 2):
 PSYoungGen      total 16384K, used 224K [0x00000000eab00000, 0x00000000ec000000, 0x0000000100000000)
  eden space 15872K, 0% used [0x00000000eab00000,0x00000000eab00000,0x00000000eba80000)
  from space 512K, 43% used [0x00000000ebf80000,0x00000000ebfb8000,0x00000000ec000000)
  to   space 2048K, 0% used [0x00000000ebc00000,0x00000000ebc00000,0x00000000ebe00000)
 ParOldGen       total 68608K, used 49723K [0x00000000c0000000, 0x00000000c4300000, 0x00000000eab00000)
  object space 68608K, 72% used [0x00000000c0000000,0x00000000c308eee0,0x00000000c4300000)
 Metaspace       used 46272K, committed 47424K, reserved 1114112K
  class space    used 4421K, committed 4928K, reserved 1048576K
}
Event: 75.571 GC heap before
{Heap before GC invocations=43 (full 2):
 PSYoungGen      total 16384K, used 16096K [0x00000000eab00000, 0x00000000ec000000, 0x0000000100000000)
  eden space 15872K, 100% used [0x00000000eab00000,0x00000000eba80000,0x00000000eba80000)
  from space 512K, 43% used [0x00000000ebf80000,0x00000000ebfb8000,0x00000000ec000000)
  to   space 2048K, 0% used [0x00000000ebc00000,0x00000000ebc00000,0x00000000ebe00000)
 ParOldGen       total 68608K, used 49723K [0x00000000c0000000, 0x00000000c4300000, 0x00000000eab00000)
  object space 68608K, 72% used [0x00000000c0000000,0x00000000c308eee0,0x00000000c4300000)
 Metaspace       used 46314K, committed 47424K, reserved 1114112K
  class space    used 4421K, committed 4928K, reserved 1048576K
}
Event: 75.574 GC heap after
{Heap after GC invocations=43 (full 2):
 PSYoungGen      total 17920K, used 512K [0x00000000eab00000, 0x00000000ec000000, 0x0000000100000000)
  eden space 15872K, 0% used [0x00000000eab00000,0x00000000eab00000,0x00000000eba80000)
  from space 2048K, 25% used [0x00000000ebc00000,0x00000000ebc80000,0x00000000ebe00000)
  to   space 1024K, 0% used [0x00000000ebf00000,0x00000000ebf00000,0x00000000ec000000)
 ParOldGen       total 68608K, used 49867K [0x00000000c0000000, 0x00000000c4300000, 0x00000000eab00000)
  object space 68608K, 72% used [0x00000000c0000000,0x00000000c30b2ef0,0x00000000c4300000)
 Metaspace       used 46314K, committed 47424K, reserved 1114112K
  class space    used 4421K, committed 4928K, reserved 1048576K
}

