# JRE version: OpenJDK Runtime Environment Temurin-21.0.7+6 (21.0.7+6) (build 21.0.7+6-LTS)
# Java VM: OpenJDK 64-Bit Server VM Temurin-21.0.7+6 (21.0.7+6-LTS, mixed mode, sharing, tiered, compressed oops, compressed class ptrs, parallel gc, windows-amd64)
GC Precious Log:
 CardTable entry size: 512
 CPUs: 4 total, 4 available
 Memory: 8073M
 Large Page Support: Disabled
 NUMA Support: Disabled
 Compressed Oops: Enabled (32-bit)
 Alignments: Space 512K, Generation 512K, Heap 2M
 Heap Min Capacity: 100M
 Heap Initial Capacity: 100M
 Heap Max Capacity: 1G
 Pre-touch: Disabled
 Parallel Workers: 4
Heap:
 PSYoungGen      total 12800K, used 12788K [0x00000000eab00000, 0x00000000eba80000, 0x0000000100000000)
  eden space 11776K, 100% used [0x00000000eab00000,0x00000000eb680000,0x00000000eb680000)
  from space 1024K, 98% used [0x00000000eb880000,0x00000000eb97d220,0x00000000eb980000)
  to   space 2048K, 31% used [0x00000000eb680000,0x00000000eb720060,0x00000000eb880000)
 ParOldGen       total 321536K, used 321263K [0x00000000c0000000, 0x00000000d3a00000, 0x00000000eab00000)
  object space 321536K, 99% used [0x00000000c0000000,0x00000000d39bdc60,0x00000000d3a00000)
 Metaspace       used 82053K, committed 83584K, reserved 1179648K
  class space    used 8071K, committed 8768K, reserved 1048576K
GC Heap History (20 events):
Event: 2125.610 GC heap before
{Heap before GC invocations=1637 (full 5):
 PSYoungGen      total 13312K, used 13028K [0x00000000eab00000, 0x00000000eba80000, 0x0000000100000000)
  eden space 11776K, 100% used [0x00000000eab00000,0x00000000eb680000,0x00000000eb680000)
  from space 1536K, 81% used [0x00000000eb900000,0x00000000eba39210,0x00000000eba80000)
  to   space 1536K, 0% used [0x00000000eb780000,0x00000000eb780000,0x00000000eb900000)
 ParOldGen       total 311296K, used 311181K [0x00000000c0000000, 0x00000000d3000000, 0x00000000eab00000)
  object space 311296K, 99% used [0x00000000c0000000,0x00000000d2fe34f0,0x00000000d3000000)
 Metaspace       used 82027K, committed 83584K, reserved 1179648K
  class space    used 8071K, committed 8768K, reserved 1048576K
}
Event: 2125.617 GC heap after
{Heap after GC invocations=1637 (full 5):
 PSYoungGen      total 13312K, used 1194K [0x00000000eab00000, 0x00000000eb980000, 0x0000000100000000)
  eden space 11776K, 0% used [0x00000000eab00000,0x00000000eab00000,0x00000000eb680000)
  from space 1536K, 77% used [0x00000000eb780000,0x00000000eb8aa930,0x00000000eb900000)
  to   space 512K, 0% used [0x00000000eb900000,0x00000000eb900000,0x00000000eb980000)
 ParOldGen       total 312320K, used 312319K [0x00000000c0000000, 0x00000000d3100000, 0x00000000eab00000)
  object space 312320K, 99% used [0x00000000c0000000,0x00000000d30ffe60,0x00000000d3100000)
 Metaspace       used 82027K, committed 83584K, reserved 1179648K
  class space    used 8071K, committed 8768K, reserved 1048576K
}
Event: 2128.718 GC heap before
{Heap before GC invocations=1638 (full 5):
 PSYoungGen      total 13312K, used 12970K [0x00000000eab00000, 0x00000000eb980000, 0x0000000100000000)
  eden space 11776K, 100% used [0x00000000eab00000,0x00000000eb680000,0x00000000eb680000)
  from space 1536K, 77% used [0x00000000eb780000,0x00000000eb8aa930,0x00000000eb900000)
  to   space 512K, 0% used [0x00000000eb900000,0x00000000eb900000,0x00000000eb980000)
 ParOldGen       total 312320K, used 312319K [0x00000000c0000000, 0x00000000d3100000, 0x00000000eab00000)
  object space 312320K, 99% used [0x00000000c0000000,0x00000000d30ffe60,0x00000000d3100000)
 Metaspace       used 82027K, committed 83584K, reserved 1179648K
  class space    used 8071K, committed 8768K, reserved 1048576K
}
Event: 2128.723 GC heap after
{Heap after GC invocations=1638 (full 5):
 PSYoungGen      total 12288K, used 500K [0x00000000eab00000, 0x00000000ebb80000, 0x0000000100000000)
  eden space 11776K, 0% used [0x00000000eab00000,0x00000000eab00000,0x00000000eb680000)
  from space 512K, 97% used [0x00000000eb900000,0x00000000eb97d200,0x00000000eb980000)
  to   space 2560K, 0% used [0x00000000eb680000,0x00000000eb680000,0x00000000eb900000)
 ParOldGen       total 314368K, used 313937K [0x00000000c0000000, 0x00000000d3300000, 0x00000000eab00000)
  object space 314368K, 99% used [0x00000000c0000000,0x00000000d3294598,0x00000000d3300000)
 Metaspace       used 82027K, committed 83584K, reserved 1179648K
  class space    used 8071K, committed 8768K, reserved 1048576K
}
Event: 2129.808 GC heap before
{Heap before GC invocations=1639 (full 5):
 PSYoungGen      total 12288K, used 12276K [0x00000000eab00000, 0x00000000ebb80000, 0x0000000100000000)
  eden space 11776K, 100% used [0x00000000eab00000,0x00000000eb680000,0x00000000eb680000)
  from space 512K, 97% used [0x00000000eb900000,0x00000000eb97d200,0x00000000eb980000)
  to   space 2560K, 0% used [0x00000000eb680000,0x00000000eb680000,0x00000000eb900000)
 ParOldGen       total 314368K, used 313937K [0x00000000c0000000, 0x00000000d3300000, 0x00000000eab00000)
  object space 314368K, 99% used [0x00000000c0000000,0x00000000d3294598,0x00000000d3300000)
 Metaspace       used 82030K, committed 83584K, reserved 1179648K
  class space    used 8071K, committed 8768K, reserved 1048576K
}
Event: 2129.812 GC heap after
{Heap after GC invocations=1639 (full 5):
 PSYoungGen      total 12800K, used 848K [0x00000000eab00000, 0x00000000eb980000, 0x0000000100000000)
  eden space 11776K, 0% used [0x00000000eab00000,0x00000000eab00000,0x00000000eb680000)
  from space 1024K, 82% used [0x00000000eb680000,0x00000000eb754030,0x00000000eb780000)
  to   space 1536K, 0% used [0x00000000eb800000,0x00000000eb800000,0x00000000eb980000)
 ParOldGen       total 314880K, used 314421K [0x00000000c0000000, 0x00000000d3380000, 0x00000000eab00000)
  object space 314880K, 99% used [0x00000000c0000000,0x00000000d330d7a8,0x00000000d3380000)
 Metaspace       used 82030K, committed 83584K, reserved 1179648K
  class space    used 8071K, committed 8768K, reserved 1048576K
}
Event: 2132.634 GC heap before
{Heap before GC invocations=1640 (full 5):
 PSYoungGen      total 12800K, used 12624K [0x00000000eab00000, 0x00000000eb980000, 0x0000000100000000)
  eden space 11776K, 100% used [0x00000000eab00000,0x00000000eb680000,0x00000000eb680000)
  from space 1024K, 82% used [0x00000000eb680000,0x00000000eb754030,0x00000000eb780000)
  to   space 1536K, 0% used [0x00000000eb800000,0x00000000eb800000,0x00000000eb980000)
 ParOldGen       total 314880K, used 314421K [0x00000000c0000000, 0x00000000d3380000, 0x00000000eab00000)
  object space 314880K, 99% used [0x00000000c0000000,0x00000000d330d7a8,0x00000000d3380000)
 Metaspace       used 82032K, committed 83584K, reserved 1179648K
  class space    used 8071K, committed 8768K, reserved 1048576K
}
Event: 2132.637 GC heap after
{Heap after GC invocations=1640 (full 5):
 PSYoungGen      total 13312K, used 1108K [0x00000000eab00000, 0x00000000eb980000, 0x0000000100000000)
  eden space 11776K, 0% used [0x00000000eab00000,0x00000000eab00000,0x00000000eb680000)
  from space 1536K, 72% used [0x00000000eb800000,0x00000000eb915200,0x00000000eb980000)
  to   space 1536K, 0% used [0x00000000eb680000,0x00000000eb680000,0x00000000eb800000)
 ParOldGen       total 315392K, used 315178K [0x00000000c0000000, 0x00000000d3400000, 0x00000000eab00000)
  object space 315392K, 99% used [0x00000000c0000000,0x00000000d33ca930,0x00000000d3400000)
 Metaspace       used 82032K, committed 83584K, reserved 1179648K
  class space    used 8071K, committed 8768K, reserved 1048576K
}
Event: 2134.460 GC heap before
{Heap before GC invocations=1641 (full 5):
 PSYoungGen      total 13312K, used 12884K [0x00000000eab00000, 0x00000000eb980000, 0x0000000100000000)
  eden space 11776K, 100% used [0x00000000eab00000,0x00000000eb680000,0x00000000eb680000)
  from space 1536K, 72% used [0x00000000eb800000,0x00000000eb915200,0x00000000eb980000)
  to   space 1536K, 0% used [0x00000000eb680000,0x00000000eb680000,0x00000000eb800000)
 ParOldGen       total 315392K, used 315178K [0x00000000c0000000, 0x00000000d3400000, 0x00000000eab00000)
  object space 315392K, 99% used [0x00000000c0000000,0x00000000d33ca930,0x00000000d3400000)
 Metaspace       used 82037K, committed 83584K, reserved 1179648K
  class space    used 8071K, committed 8768K, reserved 1048576K
}
Event: 2134.589 GC heap after
{Heap after GC invocations=1641 (full 5):
 PSYoungGen      total 12800K, used 874K [0x00000000eab00000, 0x00000000eb880000, 0x0000000100000000)
  eden space 11776K, 0% used [0x00000000eab00000,0x00000000eab00000,0x00000000eb680000)
  from space 1024K, 85% used [0x00000000eb680000,0x00000000eb75a930,0x00000000eb780000)
  to   space 1024K, 0% used [0x00000000eb780000,0x00000000eb780000,0x00000000eb880000)
 ParOldGen       total 316416K, used 316171K [0x00000000c0000000, 0x00000000d3500000, 0x00000000eab00000)
  object space 316416K, 99% used [0x00000000c0000000,0x00000000d34c2ce8,0x00000000d3500000)
 Metaspace       used 82037K, committed 83584K, reserved 1179648K
  class space    used 8071K, committed 8768K, reserved 1048576K
}
Event: 2837.067 GC heap before
{Heap before GC invocations=1642 (full 5):
 PSYoungGen      total 12800K, used 12650K [0x00000000eab00000, 0x00000000eb880000, 0x0000000100000000)
  eden space 11776K, 100% used [0x00000000eab00000,0x00000000eb680000,0x00000000eb680000)
  from space 1024K, 85% used [0x00000000eb680000,0x00000000eb75a930,0x00000000eb780000)
  to   space 1024K, 0% used [0x00000000eb780000,0x00000000eb780000,0x00000000eb880000)
 ParOldGen       total 316416K, used 316171K [0x00000000c0000000, 0x00000000d3500000, 0x00000000eab00000)
  object space 316416K, 99% used [0x00000000c0000000,0x00000000d34c2ce8,0x00000000d3500000)
 Metaspace       used 82038K, committed 83584K, reserved 1179648K
  class space    used 8071K, committed 8768K, reserved 1048576K
}
Event: 2837.074 GC heap after
{Heap after GC invocations=1642 (full 5):
 PSYoungGen      total 12800K, used 996K [0x00000000eab00000, 0x00000000eb880000, 0x0000000100000000)
  eden space 11776K, 0% used [0x00000000eab00000,0x00000000eab00000,0x00000000eb680000)
  from space 1024K, 97% used [0x00000000eb780000,0x00000000eb879230,0x00000000eb880000)
  to   space 1024K, 0% used [0x00000000eb680000,0x00000000eb680000,0x00000000eb780000)
 ParOldGen       total 317440K, used 316988K [0x00000000c0000000, 0x00000000d3600000, 0x00000000eab00000)
  object space 317440K, 99% used [0x00000000c0000000,0x00000000d358f378,0x00000000d3600000)
 Metaspace       used 82038K, committed 83584K, reserved 1179648K
  class space    used 8071K, committed 8768K, reserved 1048576K
}
Event: 2837.390 GC heap before
{Heap before GC invocations=1643 (full 5):
 PSYoungGen      total 12800K, used 12772K [0x00000000eab00000, 0x00000000eb880000, 0x0000000100000000)
  eden space 11776K, 100% used [0x00000000eab00000,0x00000000eb680000,0x00000000eb680000)
  from space 1024K, 97% used [0x00000000eb780000,0x00000000eb879230,0x00000000eb880000)
  to   space 1024K, 0% used [0x00000000eb680000,0x00000000eb680000,0x00000000eb780000)
 ParOldGen       total 317440K, used 316988K [0x00000000c0000000, 0x00000000d3600000, 0x00000000eab00000)
  object space 317440K, 99% used [0x00000000c0000000,0x00000000d358f378,0x00000000d3600000)
 Metaspace       used 82038K, committed 83584K, reserved 1179648K
  class space    used 8071K, committed 8768K, reserved 1048576K
}
Event: 2837.397 GC heap after
{Heap after GC invocations=1643 (full 5):
 PSYoungGen      total 12800K, used 1008K [0x00000000eab00000, 0x00000000ebb80000, 0x0000000100000000)
  eden space 11776K, 0% used [0x00000000eab00000,0x00000000eab00000,0x00000000eb680000)
  from space 1024K, 98% used [0x00000000eb680000,0x00000000eb77c030,0x00000000eb780000)
  to   space 2560K, 0% used [0x00000000eb900000,0x00000000eb900000,0x00000000ebb80000)
 ParOldGen       total 318464K, used 318045K [0x00000000c0000000, 0x00000000d3700000, 0x00000000eab00000)
  object space 318464K, 99% used [0x00000000c0000000,0x00000000d36975d8,0x00000000d3700000)
 Metaspace       used 82038K, committed 83584K, reserved 1179648K
  class space    used 8071K, committed 8768K, reserved 1048576K
}
Event: 2838.180 GC heap before
{Heap before GC invocations=1644 (full 5):
 PSYoungGen      total 12800K, used 12784K [0x00000000eab00000, 0x00000000ebb80000, 0x0000000100000000)
  eden space 11776K, 100% used [0x00000000eab00000,0x00000000eb680000,0x00000000eb680000)
  from space 1024K, 98% used [0x00000000eb680000,0x00000000eb77c030,0x00000000eb780000)
  to   space 2560K, 0% used [0x00000000eb900000,0x00000000eb900000,0x00000000ebb80000)
 ParOldGen       total 318464K, used 318045K [0x00000000c0000000, 0x00000000d3700000, 0x00000000eab00000)
  object space 318464K, 99% used [0x00000000c0000000,0x00000000d36975d8,0x00000000d3700000)
 Metaspace       used 82041K, committed 83584K, reserved 1179648K
  class space    used 8071K, committed 8768K, reserved 1048576K
}
Event: 2838.302 GC heap after
{Heap after GC invocations=1644 (full 5):
 PSYoungGen      total 13312K, used 1028K [0x00000000eab00000, 0x00000000eba80000, 0x0000000100000000)
  eden space 11776K, 0% used [0x00000000eab00000,0x00000000eab00000,0x00000000eb680000)
  from space 1536K, 66% used [0x00000000eb900000,0x00000000eba01230,0x00000000eba80000)
  to   space 1536K, 0% used [0x00000000eb780000,0x00000000eb780000,0x00000000eb900000)
 ParOldGen       total 319488K, used 319021K [0x00000000c0000000, 0x00000000d3800000, 0x00000000eab00000)
  object space 319488K, 99% used [0x00000000c0000000,0x00000000d378b6a0,0x00000000d3800000)
 Metaspace       used 82041K, committed 83584K, reserved 1179648K
  class space    used 8071K, committed 8768K, reserved 1048576K
}
Event: 2838.930 GC heap before
{Heap before GC invocations=1645 (full 5):
 PSYoungGen      total 13312K, used 12800K [0x00000000eab00000, 0x00000000eba80000, 0x0000000100000000)
  eden space 11776K, 99% used [0x00000000eab00000,0x00000000eb67ee10,0x00000000eb680000)
  from space 1536K, 66% used [0x00000000eb900000,0x00000000eba01230,0x00000000eba80000)
  to   space 1536K, 0% used [0x00000000eb780000,0x00000000eb780000,0x00000000eb900000)
 ParOldGen       total 319488K, used 319021K [0x00000000c0000000, 0x00000000d3800000, 0x00000000eab00000)
  object space 319488K, 99% used [0x00000000c0000000,0x00000000d378b6a0,0x00000000d3800000)
 Metaspace       used 82052K, committed 83584K, reserved 1179648K
  class space    used 8071K, committed 8768K, reserved 1048576K
}
Event: 2838.935 GC heap after
{Heap after GC invocations=1645 (full 5):
 PSYoungGen      total 12800K, used 816K [0x00000000eab00000, 0x00000000eb980000, 0x0000000100000000)
  eden space 11776K, 0% used [0x00000000eab00000,0x00000000eab00000,0x00000000eb680000)
  from space 1024K, 79% used [0x00000000eb780000,0x00000000eb84c030,0x00000000eb880000)
  to   space 1024K, 0% used [0x00000000eb880000,0x00000000eb880000,0x00000000eb980000)
 ParOldGen       total 320000K, used 319978K [0x00000000c0000000, 0x00000000d3880000, 0x00000000eab00000)
  object space 320000K, 99% used [0x00000000c0000000,0x00000000d387a8e0,0x00000000d3880000)
 Metaspace       used 82052K, committed 83584K, reserved 1179648K
  class space    used 8071K, committed 8768K, reserved 1048576K
}
Event: 2843.059 GC heap before
{Heap before GC invocations=1646 (full 5):
 PSYoungGen      total 12800K, used 12592K [0x00000000eab00000, 0x00000000eb980000, 0x0000000100000000)
  eden space 11776K, 100% used [0x00000000eab00000,0x00000000eb680000,0x00000000eb680000)
  from space 1024K, 79% used [0x00000000eb780000,0x00000000eb84c030,0x00000000eb880000)
  to   space 1024K, 0% used [0x00000000eb880000,0x00000000eb880000,0x00000000eb980000)
 ParOldGen       total 320000K, used 319978K [0x00000000c0000000, 0x00000000d3880000, 0x00000000eab00000)
  object space 320000K, 99% used [0x00000000c0000000,0x00000000d387a8e0,0x00000000d3880000)
 Metaspace       used 82053K, committed 83584K, reserved 1179648K
  class space    used 8071K, committed 8768K, reserved 1048576K
}
Event: 2843.069 GC heap after
{Heap after GC invocations=1646 (full 5):
 PSYoungGen      total 12800K, used 1012K [0x00000000eab00000, 0x00000000eba80000, 0x0000000100000000)
  eden space 11776K, 0% used [0x00000000eab00000,0x00000000eab00000,0x00000000eb680000)
  from space 1024K, 98% used [0x00000000eb880000,0x00000000eb97d220,0x00000000eb980000)
  to   space 2048K, 0% used [0x00000000eb680000,0x00000000eb680000,0x00000000eb880000)
 ParOldGen       total 321024K, used 320801K [0x00000000c0000000, 0x00000000d3980000, 0x00000000eab00000)
  object space 321024K, 99% used [0x00000000c0000000,0x00000000d3948658,0x00000000d3980000)
 Metaspace       used 82053K, committed 83584K, reserved 1179648K
  class space    used 8071K, committed 8768K, reserved 1048576K
}

