# JRE version: Java(TM) SE Runtime Environment (17.0.12+8) (build 17.0.12+8-LTS-286)
# Java VM: Java HotSpot(TM) 64-Bit Server VM (17.0.12+8-LTS-286, mixed mode, sharing, tiered, compressed oops, compressed class ptrs, g1 gc, windows-amd64)
GC Precious Log:
 CPUs: 4 total, 4 available
 Memory: 8073M
 Large Page Support: Disabled
 NUMA Support: Disabled
 Compressed Oops: Enabled (32-bit)
 Heap Region Size: 1M
 Heap Min Capacity: 8M
 Heap Initial Capacity: 128M
 Heap Max Capacity: 2020M
 Pre-touch: Disabled
 Parallel Workers: 4
 Concurrent Workers: 1
 Concurrent Refinement Workers: 4
 Periodic GC: Disabled
Heap:
 garbage-first heap   total 150528K, used 78199K [0x0000000081c00000, 0x0000000100000000)
  region size 1024K, 10 young (10240K), 3 survivors (3072K)
 Metaspace       used 32680K, committed 33600K, reserved 1114112K
  class space    used 3678K, committed 3968K, reserved 1048576K
GC Heap History (20 events):
Event: 8.947 GC heap before
{Heap before GC invocations=8 (full 0):
 garbage-first heap   total 75776K, used 34606K [0x0000000081c00000, 0x0000000100000000)
  region size 1024K, 7 young (7168K), 6 survivors (6144K)
 Metaspace       used 25526K, committed 25856K, reserved 1114112K
  class space    used 2973K, committed 3136K, reserved 1048576K
}
Event: 8.957 GC heap after
{Heap after GC invocations=9 (full 0):
 garbage-first heap   total 75776K, used 35328K [0x0000000081c00000, 0x0000000100000000)
  region size 1024K, 1 young (1024K), 1 survivors (1024K)
 Metaspace       used 25526K, committed 25856K, reserved 1114112K
  class space    used 2973K, committed 3136K, reserved 1048576K
}
Event: 9.559 GC heap before
{Heap before GC invocations=9 (full 0):
 garbage-first heap   total 75776K, used 49664K [0x0000000081c00000, 0x0000000100000000)
  region size 1024K, 15 young (15360K), 1 survivors (1024K)
 Metaspace       used 26151K, committed 26432K, reserved 1114112K
  class space    used 3042K, committed 3200K, reserved 1048576K
}
Event: 9.570 GC heap after
{Heap after GC invocations=10 (full 0):
 garbage-first heap   total 75776K, used 38912K [0x0000000081c00000, 0x0000000100000000)
  region size 1024K, 2 young (2048K), 2 survivors (2048K)
 Metaspace       used 26151K, committed 26432K, reserved 1114112K
  class space    used 3042K, committed 3200K, reserved 1048576K
}
Event: 9.950 GC heap before
{Heap before GC invocations=11 (full 0):
 garbage-first heap   total 75776K, used 52224K [0x0000000081c00000, 0x0000000100000000)
  region size 1024K, 15 young (15360K), 2 survivors (2048K)
 Metaspace       used 26315K, committed 26624K, reserved 1114112K
  class space    used 3043K, committed 3200K, reserved 1048576K
}
Event: 9.961 GC heap after
{Heap after GC invocations=12 (full 0):
 garbage-first heap   total 75776K, used 41542K [0x0000000081c00000, 0x0000000100000000)
  region size 1024K, 2 young (2048K), 2 survivors (2048K)
 Metaspace       used 26315K, committed 26624K, reserved 1114112K
  class space    used 3043K, committed 3200K, reserved 1048576K
}
Event: 10.275 GC heap before
{Heap before GC invocations=12 (full 0):
 garbage-first heap   total 75776K, used 53830K [0x0000000081c00000, 0x0000000100000000)
  region size 1024K, 14 young (14336K), 2 survivors (2048K)
 Metaspace       used 26514K, committed 26816K, reserved 1114112K
  class space    used 3057K, committed 3200K, reserved 1048576K
}
Event: 10.291 GC heap after
{Heap after GC invocations=13 (full 0):
 garbage-first heap   total 150528K, used 43974K [0x0000000081c00000, 0x0000000100000000)
  region size 1024K, 2 young (2048K), 2 survivors (2048K)
 Metaspace       used 26514K, committed 26816K, reserved 1114112K
  class space    used 3057K, committed 3200K, reserved 1048576K
}
Event: 12.117 GC heap before
{Heap before GC invocations=14 (full 0):
 garbage-first heap   total 150528K, used 91078K [0x0000000081c00000, 0x0000000100000000)
  region size 1024K, 49 young (50176K), 2 survivors (2048K)
 Metaspace       used 28969K, committed 29312K, reserved 1114112K
  class space    used 3328K, committed 3456K, reserved 1048576K
}
Event: 12.126 GC heap after
{Heap after GC invocations=15 (full 0):
 garbage-first heap   total 150528K, used 45904K [0x0000000081c00000, 0x0000000100000000)
  region size 1024K, 4 young (4096K), 4 survivors (4096K)
 Metaspace       used 28969K, committed 29312K, reserved 1114112K
  class space    used 3328K, committed 3456K, reserved 1048576K
}
Event: 12.966 GC heap before
{Heap before GC invocations=15 (full 0):
 garbage-first heap   total 150528K, used 97104K [0x0000000081c00000, 0x0000000100000000)
  region size 1024K, 54 young (55296K), 4 survivors (4096K)
 Metaspace       used 29410K, committed 29696K, reserved 1114112K
  class space    used 3346K, committed 3456K, reserved 1048576K
}
Event: 12.978 GC heap after
{Heap after GC invocations=16 (full 0):
 garbage-first heap   total 150528K, used 47206K [0x0000000081c00000, 0x0000000100000000)
  region size 1024K, 4 young (4096K), 4 survivors (4096K)
 Metaspace       used 29410K, committed 29696K, reserved 1114112K
  class space    used 3346K, committed 3456K, reserved 1048576K
}
Event: 14.898 GC heap before
{Heap before GC invocations=16 (full 0):
 garbage-first heap   total 150528K, used 101478K [0x0000000081c00000, 0x0000000100000000)
  region size 1024K, 57 young (58368K), 4 survivors (4096K)
 Metaspace       used 31715K, committed 32128K, reserved 1114112K
  class space    used 3592K, committed 3776K, reserved 1048576K
}
Event: 14.915 GC heap after
{Heap after GC invocations=17 (full 0):
 garbage-first heap   total 150528K, used 48616K [0x0000000081c00000, 0x0000000100000000)
  region size 1024K, 6 young (6144K), 6 survivors (6144K)
 Metaspace       used 31715K, committed 32128K, reserved 1114112K
  class space    used 3592K, committed 3776K, reserved 1048576K
}
Event: 16.022 GC heap before
{Heap before GC invocations=17 (full 0):
 garbage-first heap   total 150528K, used 112104K [0x0000000081c00000, 0x0000000100000000)
  region size 1024K, 62 young (63488K), 6 survivors (6144K)
 Metaspace       used 32015K, committed 32384K, reserved 1114112K
  class space    used 3614K, committed 3776K, reserved 1048576K
}
Event: 16.055 GC heap after
{Heap after GC invocations=18 (full 0):
 garbage-first heap   total 150528K, used 75776K [0x0000000081c00000, 0x0000000100000000)
  region size 1024K, 8 young (8192K), 8 survivors (8192K)
 Metaspace       used 32015K, committed 32384K, reserved 1114112K
  class space    used 3614K, committed 3776K, reserved 1048576K
}
Event: 17.749 GC heap before
{Heap before GC invocations=18 (full 0):
 garbage-first heap   total 150528K, used 111616K [0x0000000081c00000, 0x0000000100000000)
  region size 1024K, 44 young (45056K), 8 survivors (8192K)
 Metaspace       used 33225K, committed 33536K, reserved 1114112K
  class space    used 3762K, committed 3904K, reserved 1048576K
}
Event: 17.761 GC heap after
{Heap after GC invocations=19 (full 0):
 garbage-first heap   total 150528K, used 71573K [0x0000000081c00000, 0x0000000100000000)
  region size 1024K, 2 young (2048K), 2 survivors (2048K)
 Metaspace       used 33225K, committed 33536K, reserved 1114112K
  class space    used 3762K, committed 3904K, reserved 1048576K
}
Event: 18.353 GC heap before
{Heap before GC invocations=19 (full 0):
 garbage-first heap   total 150528K, used 92053K [0x0000000081c00000, 0x0000000100000000)
  region size 1024K, 23 young (23552K), 2 survivors (2048K)
 Metaspace       used 33940K, committed 34368K, reserved 1114112K
  class space    used 3830K, committed 4032K, reserved 1048576K
}
Event: 18.358 GC heap after
{Heap after GC invocations=20 (full 0):
 garbage-first heap   total 150528K, used 73079K [0x0000000081c00000, 0x0000000100000000)
  region size 1024K, 3 young (3072K), 3 survivors (3072K)
 Metaspace       used 33940K, committed 34368K, reserved 1114112K
  class space    used 3830K, committed 4032K, reserved 1048576K
}

