# JRE version: OpenJDK Runtime Environment Temurin-21.0.7+6 (21.0.7+6) (build 21.0.7+6-LTS)
# Java VM: OpenJDK 64-Bit Server VM Temurin-21.0.7+6 (21.0.7+6-LTS, mixed mode, sharing, tiered, compressed oops, compressed class ptrs, parallel gc, windows-amd64)
GC Precious Log:
 CardTable entry size: 512
 CPUs: 4 total, 4 available
 Memory: 8073M
 Large Page Support: Disabled
 NUMA Support: Disabled
 Compressed Oops: Enabled (32-bit)
 Alignments: Space 512K, Generation 512K, Heap 2M
 Heap Min Capacity: 100M
 Heap Initial Capacity: 100M
 Heap Max Capacity: 1G
 Pre-touch: Disabled
 Parallel Workers: 4
Heap:
 PSYoungGen      total 4096K, used 507K [0x00000000eab00000, 0x00000000eaf80000, 0x0000000100000000)
  eden space 3072K, 2% used [0x00000000eab00000,0x00000000eab15050,0x00000000eae00000)
  from space 1024K, 42% used [0x00000000eae00000,0x00000000eae6cf20,0x00000000eaf00000)
  to   space 512K, 0% used [0x00000000eaf00000,0x00000000eaf00000,0x00000000eaf80000)
 ParOldGen       total 88064K, used 76915K [0x00000000c0000000, 0x00000000c5600000, 0x00000000eab00000)
  object space 88064K, 87% used [0x00000000c0000000,0x00000000c4b1ced0,0x00000000c5600000)
 Metaspace       used 60595K, committed 61952K, reserved 1114112K
  class space    used 6171K, committed 6784K, reserved 1048576K
GC Heap History (20 events):
Event: 49.045 GC heap before
{Heap before GC invocations=81 (full 3):
 PSYoungGen      total 4096K, used 3712K [0x00000000eab00000, 0x00000000eb180000, 0x0000000100000000)
  eden space 3072K, 100% used [0x00000000eab00000,0x00000000eae00000,0x00000000eae00000)
  from space 1024K, 62% used [0x00000000eaf80000,0x00000000eb020000,0x00000000eb080000)
  to   space 1024K, 0% used [0x00000000eb080000,0x00000000eb080000,0x00000000eb180000)
 ParOldGen       total 88064K, used 70403K [0x00000000c0000000, 0x00000000c5600000, 0x00000000eab00000)
  object space 88064K, 79% used [0x00000000c0000000,0x00000000c44c0d90,0x00000000c5600000)
 Metaspace       used 60356K, committed 61696K, reserved 1114112K
  class space    used 6167K, committed 6784K, reserved 1048576K
}
Event: 49.047 GC heap after
{Heap after GC invocations=81 (full 3):
 PSYoungGen      total 3584K, used 512K [0x00000000eab00000, 0x00000000eb100000, 0x0000000100000000)
  eden space 3072K, 0% used [0x00000000eab00000,0x00000000eab00000,0x00000000eae00000)
  from space 512K, 100% used [0x00000000eb080000,0x00000000eb100000,0x00000000eb100000)
  to   space 1024K, 0% used [0x00000000eaf00000,0x00000000eaf00000,0x00000000eb000000)
 ParOldGen       total 88064K, used 70959K [0x00000000c0000000, 0x00000000c5600000, 0x00000000eab00000)
  object space 88064K, 80% used [0x00000000c0000000,0x00000000c454bdf8,0x00000000c5600000)
 Metaspace       used 60356K, committed 61696K, reserved 1114112K
  class space    used 6167K, committed 6784K, reserved 1048576K
}
Event: 49.073 GC heap before
{Heap before GC invocations=82 (full 3):
 PSYoungGen      total 3584K, used 3584K [0x00000000eab00000, 0x00000000eb100000, 0x0000000100000000)
  eden space 3072K, 100% used [0x00000000eab00000,0x00000000eae00000,0x00000000eae00000)
  from space 512K, 100% used [0x00000000eb080000,0x00000000eb100000,0x00000000eb100000)
  to   space 1024K, 0% used [0x00000000eaf00000,0x00000000eaf00000,0x00000000eb000000)
 ParOldGen       total 88064K, used 70959K [0x00000000c0000000, 0x00000000c5600000, 0x00000000eab00000)
  object space 88064K, 80% used [0x00000000c0000000,0x00000000c454bdf8,0x00000000c5600000)
 Metaspace       used 60356K, committed 61696K, reserved 1114112K
  class space    used 6167K, committed 6784K, reserved 1048576K
}
Event: 49.079 GC heap after
{Heap after GC invocations=82 (full 3):
 PSYoungGen      total 4096K, used 768K [0x00000000eab00000, 0x00000000eb100000, 0x0000000100000000)
  eden space 3072K, 0% used [0x00000000eab00000,0x00000000eab00000,0x00000000eae00000)
  from space 1024K, 75% used [0x00000000eaf00000,0x00000000eafc0000,0x00000000eb000000)
  to   space 1024K, 0% used [0x00000000eb000000,0x00000000eb000000,0x00000000eb100000)
 ParOldGen       total 88064K, used 71418K [0x00000000c0000000, 0x00000000c5600000, 0x00000000eab00000)
  object space 88064K, 81% used [0x00000000c0000000,0x00000000c45bea50,0x00000000c5600000)
 Metaspace       used 60356K, committed 61696K, reserved 1114112K
  class space    used 6167K, committed 6784K, reserved 1048576K
}
Event: 49.730 GC heap before
{Heap before GC invocations=83 (full 3):
 PSYoungGen      total 4096K, used 3834K [0x00000000eab00000, 0x00000000eb100000, 0x0000000100000000)
  eden space 3072K, 99% used [0x00000000eab00000,0x00000000eadfea78,0x00000000eae00000)
  from space 1024K, 75% used [0x00000000eaf00000,0x00000000eafc0000,0x00000000eb000000)
  to   space 1024K, 0% used [0x00000000eb000000,0x00000000eb000000,0x00000000eb100000)
 ParOldGen       total 88064K, used 71418K [0x00000000c0000000, 0x00000000c5600000, 0x00000000eab00000)
  object space 88064K, 81% used [0x00000000c0000000,0x00000000c45bea50,0x00000000c5600000)
 Metaspace       used 60392K, committed 61760K, reserved 1114112K
  class space    used 6167K, committed 6784K, reserved 1048576K
}
Event: 49.735 GC heap after
{Heap after GC invocations=83 (full 3):
 PSYoungGen      total 3584K, used 480K [0x00000000eab00000, 0x00000000eb080000, 0x0000000100000000)
  eden space 3072K, 0% used [0x00000000eab00000,0x00000000eab00000,0x00000000eae00000)
  from space 512K, 93% used [0x00000000eb000000,0x00000000eb078000,0x00000000eb080000)
  to   space 1024K, 0% used [0x00000000eae80000,0x00000000eae80000,0x00000000eaf80000)
 ParOldGen       total 88064K, used 72996K [0x00000000c0000000, 0x00000000c5600000, 0x00000000eab00000)
  object space 88064K, 82% used [0x00000000c0000000,0x00000000c4749188,0x00000000c5600000)
 Metaspace       used 60392K, committed 61760K, reserved 1114112K
  class space    used 6167K, committed 6784K, reserved 1048576K
}
Event: 50.133 GC heap before
{Heap before GC invocations=84 (full 3):
 PSYoungGen      total 3584K, used 3552K [0x00000000eab00000, 0x00000000eb080000, 0x0000000100000000)
  eden space 3072K, 100% used [0x00000000eab00000,0x00000000eae00000,0x00000000eae00000)
  from space 512K, 93% used [0x00000000eb000000,0x00000000eb078000,0x00000000eb080000)
  to   space 1024K, 0% used [0x00000000eae80000,0x00000000eae80000,0x00000000eaf80000)
 ParOldGen       total 88064K, used 72996K [0x00000000c0000000, 0x00000000c5600000, 0x00000000eab00000)
  object space 88064K, 82% used [0x00000000c0000000,0x00000000c4749188,0x00000000c5600000)
 Metaspace       used 60430K, committed 61760K, reserved 1114112K
  class space    used 6168K, committed 6784K, reserved 1048576K
}
Event: 50.136 GC heap after
{Heap after GC invocations=84 (full 3):
 PSYoungGen      total 4096K, used 508K [0x00000000eab00000, 0x00000000eb080000, 0x0000000100000000)
  eden space 3072K, 0% used [0x00000000eab00000,0x00000000eab00000,0x00000000eae00000)
  from space 1024K, 49% used [0x00000000eae80000,0x00000000eaeff270,0x00000000eaf80000)
  to   space 1024K, 0% used [0x00000000eaf80000,0x00000000eaf80000,0x00000000eb080000)
 ParOldGen       total 88064K, used 73337K [0x00000000c0000000, 0x00000000c5600000, 0x00000000eab00000)
  object space 88064K, 83% used [0x00000000c0000000,0x00000000c479e578,0x00000000c5600000)
 Metaspace       used 60430K, committed 61760K, reserved 1114112K
  class space    used 6168K, committed 6784K, reserved 1048576K
}
Event: 50.579 GC heap before
{Heap before GC invocations=85 (full 3):
 PSYoungGen      total 4096K, used 3580K [0x00000000eab00000, 0x00000000eb080000, 0x0000000100000000)
  eden space 3072K, 100% used [0x00000000eab00000,0x00000000eae00000,0x00000000eae00000)
  from space 1024K, 49% used [0x00000000eae80000,0x00000000eaeff270,0x00000000eaf80000)
  to   space 1024K, 0% used [0x00000000eaf80000,0x00000000eaf80000,0x00000000eb080000)
 ParOldGen       total 88064K, used 73337K [0x00000000c0000000, 0x00000000c5600000, 0x00000000eab00000)
  object space 88064K, 83% used [0x00000000c0000000,0x00000000c479e578,0x00000000c5600000)
 Metaspace       used 60470K, committed 61824K, reserved 1114112K
  class space    used 6169K, committed 6784K, reserved 1048576K
}
Event: 50.586 GC heap after
{Heap after GC invocations=85 (full 3):
 PSYoungGen      total 3584K, used 512K [0x00000000eab00000, 0x00000000eb000000, 0x0000000100000000)
  eden space 3072K, 0% used [0x00000000eab00000,0x00000000eab00000,0x00000000eae00000)
  from space 512K, 100% used [0x00000000eaf80000,0x00000000eb000000,0x00000000eb000000)
  to   space 1024K, 0% used [0x00000000eae00000,0x00000000eae00000,0x00000000eaf00000)
 ParOldGen       total 88064K, used 73807K [0x00000000c0000000, 0x00000000c5600000, 0x00000000eab00000)
  object space 88064K, 83% used [0x00000000c0000000,0x00000000c4813e08,0x00000000c5600000)
 Metaspace       used 60470K, committed 61824K, reserved 1114112K
  class space    used 6169K, committed 6784K, reserved 1048576K
}
Event: 50.614 GC heap before
{Heap before GC invocations=86 (full 3):
 PSYoungGen      total 3584K, used 3584K [0x00000000eab00000, 0x00000000eb000000, 0x0000000100000000)
  eden space 3072K, 100% used [0x00000000eab00000,0x00000000eae00000,0x00000000eae00000)
  from space 512K, 100% used [0x00000000eaf80000,0x00000000eb000000,0x00000000eb000000)
  to   space 1024K, 0% used [0x00000000eae00000,0x00000000eae00000,0x00000000eaf00000)
 ParOldGen       total 88064K, used 73807K [0x00000000c0000000, 0x00000000c5600000, 0x00000000eab00000)
  object space 88064K, 83% used [0x00000000c0000000,0x00000000c4813e08,0x00000000c5600000)
 Metaspace       used 60470K, committed 61824K, reserved 1114112K
  class space    used 6169K, committed 6784K, reserved 1048576K
}
Event: 50.619 GC heap after
{Heap after GC invocations=86 (full 3):
 PSYoungGen      total 4096K, used 752K [0x00000000eab00000, 0x00000000eb000000, 0x0000000100000000)
  eden space 3072K, 0% used [0x00000000eab00000,0x00000000eab00000,0x00000000eae00000)
  from space 1024K, 73% used [0x00000000eae00000,0x00000000eaebc268,0x00000000eaf00000)
  to   space 1024K, 0% used [0x00000000eaf00000,0x00000000eaf00000,0x00000000eb000000)
 ParOldGen       total 88064K, used 74236K [0x00000000c0000000, 0x00000000c5600000, 0x00000000eab00000)
  object space 88064K, 84% used [0x00000000c0000000,0x00000000c487f250,0x00000000c5600000)
 Metaspace       used 60470K, committed 61824K, reserved 1114112K
  class space    used 6169K, committed 6784K, reserved 1048576K
}
Event: 55.106 GC heap before
{Heap before GC invocations=87 (full 3):
 PSYoungGen      total 4096K, used 3818K [0x00000000eab00000, 0x00000000eb000000, 0x0000000100000000)
  eden space 3072K, 99% used [0x00000000eab00000,0x00000000eadfe6a0,0x00000000eae00000)
  from space 1024K, 73% used [0x00000000eae00000,0x00000000eaebc268,0x00000000eaf00000)
  to   space 1024K, 0% used [0x00000000eaf00000,0x00000000eaf00000,0x00000000eb000000)
 ParOldGen       total 88064K, used 74236K [0x00000000c0000000, 0x00000000c5600000, 0x00000000eab00000)
  object space 88064K, 84% used [0x00000000c0000000,0x00000000c487f250,0x00000000c5600000)
 Metaspace       used 60473K, committed 61824K, reserved 1114112K
  class space    used 6169K, committed 6784K, reserved 1048576K
}
Event: 55.109 GC heap after
{Heap after GC invocations=87 (full 3):
 PSYoungGen      total 4096K, used 640K [0x00000000eab00000, 0x00000000eb000000, 0x0000000100000000)
  eden space 3072K, 0% used [0x00000000eab00000,0x00000000eab00000,0x00000000eae00000)
  from space 1024K, 62% used [0x00000000eaf00000,0x00000000eafa0000,0x00000000eb000000)
  to   space 1024K, 0% used [0x00000000eae00000,0x00000000eae00000,0x00000000eaf00000)
 ParOldGen       total 88064K, used 74957K [0x00000000c0000000, 0x00000000c5600000, 0x00000000eab00000)
  object space 88064K, 85% used [0x00000000c0000000,0x00000000c4933560,0x00000000c5600000)
 Metaspace       used 60473K, committed 61824K, reserved 1114112K
  class space    used 6169K, committed 6784K, reserved 1048576K
}
Event: 55.526 GC heap before
{Heap before GC invocations=88 (full 3):
 PSYoungGen      total 4096K, used 3712K [0x00000000eab00000, 0x00000000eb000000, 0x0000000100000000)
  eden space 3072K, 100% used [0x00000000eab00000,0x00000000eae00000,0x00000000eae00000)
  from space 1024K, 62% used [0x00000000eaf00000,0x00000000eafa0000,0x00000000eb000000)
  to   space 1024K, 0% used [0x00000000eae00000,0x00000000eae00000,0x00000000eaf00000)
 ParOldGen       total 88064K, used 74957K [0x00000000c0000000, 0x00000000c5600000, 0x00000000eab00000)
  object space 88064K, 85% used [0x00000000c0000000,0x00000000c4933560,0x00000000c5600000)
 Metaspace       used 60490K, committed 61824K, reserved 1114112K
  class space    used 6169K, committed 6784K, reserved 1048576K
}
Event: 55.529 GC heap after
{Heap after GC invocations=88 (full 3):
 PSYoungGen      total 4096K, used 384K [0x00000000eab00000, 0x00000000eaf80000, 0x0000000100000000)
  eden space 3072K, 0% used [0x00000000eab00000,0x00000000eab00000,0x00000000eae00000)
  from space 1024K, 37% used [0x00000000eae00000,0x00000000eae60000,0x00000000eaf00000)
  to   space 512K, 0% used [0x00000000eaf00000,0x00000000eaf00000,0x00000000eaf80000)
 ParOldGen       total 88064K, used 75510K [0x00000000c0000000, 0x00000000c5600000, 0x00000000eab00000)
  object space 88064K, 85% used [0x00000000c0000000,0x00000000c49bd878,0x00000000c5600000)
 Metaspace       used 60490K, committed 61824K, reserved 1114112K
  class space    used 6169K, committed 6784K, reserved 1048576K
}
Event: 55.917 GC heap before
{Heap before GC invocations=89 (full 3):
 PSYoungGen      total 4096K, used 3456K [0x00000000eab00000, 0x00000000eaf80000, 0x0000000100000000)
  eden space 3072K, 100% used [0x00000000eab00000,0x00000000eae00000,0x00000000eae00000)
  from space 1024K, 37% used [0x00000000eae00000,0x00000000eae60000,0x00000000eaf00000)
  to   space 512K, 0% used [0x00000000eaf00000,0x00000000eaf00000,0x00000000eaf80000)
 ParOldGen       total 88064K, used 75510K [0x00000000c0000000, 0x00000000c5600000, 0x00000000eab00000)
  object space 88064K, 85% used [0x00000000c0000000,0x00000000c49bd878,0x00000000c5600000)
 Metaspace       used 60519K, committed 61888K, reserved 1114112K
  class space    used 6170K, committed 6784K, reserved 1048576K
}
Event: 55.919 GC heap after
{Heap after GC invocations=89 (full 3):
 PSYoungGen      total 3584K, used 469K [0x00000000eab00000, 0x00000000eaf80000, 0x0000000100000000)
  eden space 3072K, 0% used [0x00000000eab00000,0x00000000eab00000,0x00000000eae00000)
  from space 512K, 91% used [0x00000000eaf00000,0x00000000eaf75668,0x00000000eaf80000)
  to   space 512K, 0% used [0x00000000eae80000,0x00000000eae80000,0x00000000eaf00000)
 ParOldGen       total 88064K, used 75838K [0x00000000c0000000, 0x00000000c5600000, 0x00000000eab00000)
  object space 88064K, 86% used [0x00000000c0000000,0x00000000c4a0f878,0x00000000c5600000)
 Metaspace       used 60519K, committed 61888K, reserved 1114112K
  class space    used 6170K, committed 6784K, reserved 1048576K
}
Event: 56.437 GC heap before
{Heap before GC invocations=90 (full 3):
 PSYoungGen      total 3584K, used 3541K [0x00000000eab00000, 0x00000000eaf80000, 0x0000000100000000)
  eden space 3072K, 100% used [0x00000000eab00000,0x00000000eae00000,0x00000000eae00000)
  from space 512K, 91% used [0x00000000eaf00000,0x00000000eaf75668,0x00000000eaf80000)
  to   space 512K, 0% used [0x00000000eae80000,0x00000000eae80000,0x00000000eaf00000)
 ParOldGen       total 88064K, used 75838K [0x00000000c0000000, 0x00000000c5600000, 0x00000000eab00000)
  object space 88064K, 86% used [0x00000000c0000000,0x00000000c4a0f878,0x00000000c5600000)
 Metaspace       used 60548K, committed 61888K, reserved 1114112K
  class space    used 6171K, committed 6784K, reserved 1048576K
}
Event: 56.440 GC heap after
{Heap after GC invocations=90 (full 3):
 PSYoungGen      total 3584K, used 512K [0x00000000eab00000, 0x00000000eb000000, 0x0000000100000000)
  eden space 3072K, 0% used [0x00000000eab00000,0x00000000eab00000,0x00000000eae00000)
  from space 512K, 100% used [0x00000000eae80000,0x00000000eaf00000,0x00000000eaf00000)
  to   space 1024K, 0% used [0x00000000eaf00000,0x00000000eaf00000,0x00000000eb000000)
 ParOldGen       total 88064K, used 76235K [0x00000000c0000000, 0x00000000c5600000, 0x00000000eab00000)
  object space 88064K, 86% used [0x00000000c0000000,0x00000000c4a72ed0,0x00000000c5600000)
 Metaspace       used 60548K, committed 61888K, reserved 1114112K
  class space    used 6171K, committed 6784K, reserved 1048576K
}

