# JRE version: OpenJDK Runtime Environment Temurin-21.0.7+6 (21.0.7+6) (build 21.0.7+6-LTS)
# Java VM: OpenJDK 64-Bit Server VM Temurin-21.0.7+6 (21.0.7+6-LTS, mixed mode, sharing, tiered, compressed oops, compressed class ptrs, parallel gc, windows-amd64)
GC Precious Log:
 CardTable entry size: 512
 CPUs: 4 total, 4 available
 Memory: 8073M
 Large Page Support: Disabled
 NUMA Support: Disabled
 Compressed Oops: Enabled (32-bit)
 Alignments: Space 512K, Generation 512K, Heap 2M
 Heap Min Capacity: 100M
 Heap Initial Capacity: 100M
 Heap Max Capacity: 1G
 Pre-touch: Disabled
 Parallel Workers: 4
Heap:
 PSYoungGen      total 3072K, used 2707K [0x00000000eab00000, 0x00000000eaf00000, 0x0000000100000000)
  eden space 2048K, 100% used [0x00000000eab00000,0x00000000ead00000,0x00000000ead00000)
  from space 1024K, 64% used [0x00000000ead00000,0x00000000eada4c58,0x00000000eae00000)
  to   space 1024K, 75% used [0x00000000eae00000,0x00000000eaec0000,0x00000000eaf00000)
 ParOldGen       total 259072K, used 258892K [0x00000000c0000000, 0x00000000cfd00000, 0x00000000eab00000)
  object space 259072K, 99% used [0x00000000c0000000,0x00000000cfcd3038,0x00000000cfd00000)
 Metaspace       used 64304K, committed 65728K, reserved 1114112K
  class space    used 6471K, committed 7104K, reserved 1048576K
GC Heap History (20 events):
Event: 133.349 GC heap before
{Heap before GC invocations=242 (full 4):
 PSYoungGen      total 4608K, used 4505K [0x00000000eab00000, 0x00000000eb080000, 0x0000000100000000)
  eden space 3584K, 100% used [0x00000000eab00000,0x00000000eae80000,0x00000000eae80000)
  from space 1024K, 89% used [0x00000000eae80000,0x00000000eaf66580,0x00000000eaf80000)
  to   space 1024K, 0% used [0x00000000eaf80000,0x00000000eaf80000,0x00000000eb080000)
 ParOldGen       total 250368K, used 249931K [0x00000000c0000000, 0x00000000cf480000, 0x00000000eab00000)
  object space 250368K, 99% used [0x00000000c0000000,0x00000000cf412de8,0x00000000cf480000)
 Metaspace       used 64304K, committed 65728K, reserved 1114112K
  class space    used 6471K, committed 7104K, reserved 1048576K
}
Event: 133.355 GC heap after
{Heap after GC invocations=242 (full 4):
 PSYoungGen      total 3072K, used 996K [0x00000000eab00000, 0x00000000eb380000, 0x0000000100000000)
  eden space 2048K, 0% used [0x00000000eab00000,0x00000000eab00000,0x00000000ead00000)
  from space 1024K, 97% used [0x00000000eaf80000,0x00000000eb0791e8,0x00000000eb080000)
  to   space 2560K, 0% used [0x00000000ead00000,0x00000000ead00000,0x00000000eaf80000)
 ParOldGen       total 250880K, used 250867K [0x00000000c0000000, 0x00000000cf500000, 0x00000000eab00000)
  object space 250880K, 99% used [0x00000000c0000000,0x00000000cf4fce30,0x00000000cf500000)
 Metaspace       used 64304K, committed 65728K, reserved 1114112K
  class space    used 6471K, committed 7104K, reserved 1048576K
}
Event: 133.374 GC heap before
{Heap before GC invocations=243 (full 4):
 PSYoungGen      total 3072K, used 3044K [0x00000000eab00000, 0x00000000eb380000, 0x0000000100000000)
  eden space 2048K, 100% used [0x00000000eab00000,0x00000000ead00000,0x00000000ead00000)
  from space 1024K, 97% used [0x00000000eaf80000,0x00000000eb0791e8,0x00000000eb080000)
  to   space 2560K, 0% used [0x00000000ead00000,0x00000000ead00000,0x00000000eaf80000)
 ParOldGen       total 250880K, used 250867K [0x00000000c0000000, 0x00000000cf500000, 0x00000000eab00000)
  object space 250880K, 99% used [0x00000000c0000000,0x00000000cf4fce30,0x00000000cf500000)
 Metaspace       used 64304K, committed 65728K, reserved 1114112K
  class space    used 6471K, committed 7104K, reserved 1048576K
}
Event: 133.378 GC heap after
{Heap after GC invocations=243 (full 4):
 PSYoungGen      total 3072K, used 665K [0x00000000eab00000, 0x00000000eb000000, 0x0000000100000000)
  eden space 2048K, 0% used [0x00000000eab00000,0x00000000eab00000,0x00000000ead00000)
  from space 1024K, 65% used [0x00000000ead00000,0x00000000eada67c8,0x00000000eae00000)
  to   space 1536K, 0% used [0x00000000eae80000,0x00000000eae80000,0x00000000eb000000)
 ParOldGen       total 251904K, used 251847K [0x00000000c0000000, 0x00000000cf600000, 0x00000000eab00000)
  object space 251904K, 99% used [0x00000000c0000000,0x00000000cf5f1d78,0x00000000cf600000)
 Metaspace       used 64304K, committed 65728K, reserved 1114112K
  class space    used 6471K, committed 7104K, reserved 1048576K
}
Event: 133.397 GC heap before
{Heap before GC invocations=244 (full 4):
 PSYoungGen      total 3072K, used 2652K [0x00000000eab00000, 0x00000000eb000000, 0x0000000100000000)
  eden space 2048K, 96% used [0x00000000eab00000,0x00000000eacf09b8,0x00000000ead00000)
  from space 1024K, 65% used [0x00000000ead00000,0x00000000eada67c8,0x00000000eae00000)
  to   space 1536K, 0% used [0x00000000eae80000,0x00000000eae80000,0x00000000eb000000)
 ParOldGen       total 251904K, used 251847K [0x00000000c0000000, 0x00000000cf600000, 0x00000000eab00000)
  object space 251904K, 99% used [0x00000000c0000000,0x00000000cf5f1d78,0x00000000cf600000)
 Metaspace       used 64304K, committed 65728K, reserved 1114112K
  class space    used 6471K, committed 7104K, reserved 1048576K
}
Event: 133.399 GC heap after
{Heap after GC invocations=244 (full 4):
 PSYoungGen      total 3072K, used 825K [0x00000000eab00000, 0x00000000eaf80000, 0x0000000100000000)
  eden space 2048K, 0% used [0x00000000eab00000,0x00000000eab00000,0x00000000ead00000)
  from space 1024K, 80% used [0x00000000eae80000,0x00000000eaf4e558,0x00000000eaf80000)
  to   space 1024K, 0% used [0x00000000ead00000,0x00000000ead00000,0x00000000eae00000)
 ParOldGen       total 252928K, used 252471K [0x00000000c0000000, 0x00000000cf700000, 0x00000000eab00000)
  object space 252928K, 99% used [0x00000000c0000000,0x00000000cf68df68,0x00000000cf700000)
 Metaspace       used 64304K, committed 65728K, reserved 1114112K
  class space    used 6471K, committed 7104K, reserved 1048576K
}
Event: 133.410 GC heap before
{Heap before GC invocations=245 (full 4):
 PSYoungGen      total 3072K, used 2873K [0x00000000eab00000, 0x00000000eaf80000, 0x0000000100000000)
  eden space 2048K, 100% used [0x00000000eab00000,0x00000000ead00000,0x00000000ead00000)
  from space 1024K, 80% used [0x00000000eae80000,0x00000000eaf4e558,0x00000000eaf80000)
  to   space 1024K, 0% used [0x00000000ead00000,0x00000000ead00000,0x00000000eae00000)
 ParOldGen       total 252928K, used 252471K [0x00000000c0000000, 0x00000000cf700000, 0x00000000eab00000)
  object space 252928K, 99% used [0x00000000c0000000,0x00000000cf68df68,0x00000000cf700000)
 Metaspace       used 64304K, committed 65728K, reserved 1114112K
  class space    used 6471K, committed 7104K, reserved 1048576K
}
Event: 133.413 GC heap after
{Heap after GC invocations=245 (full 4):
 PSYoungGen      total 3072K, used 735K [0x00000000eab00000, 0x00000000eaf00000, 0x0000000100000000)
  eden space 2048K, 0% used [0x00000000eab00000,0x00000000eab00000,0x00000000ead00000)
  from space 1024K, 71% used [0x00000000ead00000,0x00000000eadb7f38,0x00000000eae00000)
  to   space 1024K, 0% used [0x00000000eae00000,0x00000000eae00000,0x00000000eaf00000)
 ParOldGen       total 253440K, used 253132K [0x00000000c0000000, 0x00000000cf780000, 0x00000000eab00000)
  object space 253440K, 99% used [0x00000000c0000000,0x00000000cf733300,0x00000000cf780000)
 Metaspace       used 64304K, committed 65728K, reserved 1114112K
  class space    used 6471K, committed 7104K, reserved 1048576K
}
Event: 133.547 GC heap before
{Heap before GC invocations=246 (full 4):
 PSYoungGen      total 3072K, used 2783K [0x00000000eab00000, 0x00000000eaf00000, 0x0000000100000000)
  eden space 2048K, 100% used [0x00000000eab00000,0x00000000ead00000,0x00000000ead00000)
  from space 1024K, 71% used [0x00000000ead00000,0x00000000eadb7f38,0x00000000eae00000)
  to   space 1024K, 0% used [0x00000000eae00000,0x00000000eae00000,0x00000000eaf00000)
 ParOldGen       total 253440K, used 253132K [0x00000000c0000000, 0x00000000cf780000, 0x00000000eab00000)
  object space 253440K, 99% used [0x00000000c0000000,0x00000000cf733300,0x00000000cf780000)
 Metaspace       used 64304K, committed 65728K, reserved 1114112K
  class space    used 6471K, committed 7104K, reserved 1048576K
}
Event: 133.550 GC heap after
{Heap after GC invocations=246 (full 4):
 PSYoungGen      total 3072K, used 538K [0x00000000eab00000, 0x00000000eaf00000, 0x0000000100000000)
  eden space 2048K, 0% used [0x00000000eab00000,0x00000000eab00000,0x00000000ead00000)
  from space 1024K, 52% used [0x00000000eae00000,0x00000000eae86a18,0x00000000eaf00000)
  to   space 1024K, 0% used [0x00000000ead00000,0x00000000ead00000,0x00000000eae00000)
 ParOldGen       total 253952K, used 253835K [0x00000000c0000000, 0x00000000cf800000, 0x00000000eab00000)
  object space 253952K, 99% used [0x00000000c0000000,0x00000000cf7e2e80,0x00000000cf800000)
 Metaspace       used 64304K, committed 65728K, reserved 1114112K
  class space    used 6471K, committed 7104K, reserved 1048576K
}
Event: 133.566 GC heap before
{Heap before GC invocations=247 (full 4):
 PSYoungGen      total 3072K, used 2586K [0x00000000eab00000, 0x00000000eaf00000, 0x0000000100000000)
  eden space 2048K, 99% used [0x00000000eab00000,0x00000000eacfffc0,0x00000000ead00000)
  from space 1024K, 52% used [0x00000000eae00000,0x00000000eae86a18,0x00000000eaf00000)
  to   space 1024K, 0% used [0x00000000ead00000,0x00000000ead00000,0x00000000eae00000)
 ParOldGen       total 253952K, used 253835K [0x00000000c0000000, 0x00000000cf800000, 0x00000000eab00000)
  object space 253952K, 99% used [0x00000000c0000000,0x00000000cf7e2e80,0x00000000cf800000)
 Metaspace       used 64304K, committed 65728K, reserved 1114112K
  class space    used 6471K, committed 7104K, reserved 1048576K
}
Event: 133.569 GC heap after
{Heap after GC invocations=247 (full 4):
 PSYoungGen      total 3072K, used 590K [0x00000000eab00000, 0x00000000eaf00000, 0x0000000100000000)
  eden space 2048K, 0% used [0x00000000eab00000,0x00000000eab00000,0x00000000ead00000)
  from space 1024K, 57% used [0x00000000ead00000,0x00000000ead938e8,0x00000000eae00000)
  to   space 1024K, 0% used [0x00000000eae00000,0x00000000eae00000,0x00000000eaf00000)
 ParOldGen       total 254464K, used 254326K [0x00000000c0000000, 0x00000000cf880000, 0x00000000eab00000)
  object space 254464K, 99% used [0x00000000c0000000,0x00000000cf85dad0,0x00000000cf880000)
 Metaspace       used 64304K, committed 65728K, reserved 1114112K
  class space    used 6471K, committed 7104K, reserved 1048576K
}
Event: 133.585 GC heap before
{Heap before GC invocations=248 (full 4):
 PSYoungGen      total 3072K, used 2638K [0x00000000eab00000, 0x00000000eaf00000, 0x0000000100000000)
  eden space 2048K, 100% used [0x00000000eab00000,0x00000000ead00000,0x00000000ead00000)
  from space 1024K, 57% used [0x00000000ead00000,0x00000000ead938e8,0x00000000eae00000)
  to   space 1024K, 0% used [0x00000000eae00000,0x00000000eae00000,0x00000000eaf00000)
 ParOldGen       total 254464K, used 254326K [0x00000000c0000000, 0x00000000cf880000, 0x00000000eab00000)
  object space 254464K, 99% used [0x00000000c0000000,0x00000000cf85dad0,0x00000000cf880000)
 Metaspace       used 64304K, committed 65728K, reserved 1114112K
  class space    used 6471K, committed 7104K, reserved 1048576K
}
Event: 133.589 GC heap after
{Heap after GC invocations=248 (full 4):
 PSYoungGen      total 3072K, used 547K [0x00000000eab00000, 0x00000000eaf00000, 0x0000000100000000)
  eden space 2048K, 0% used [0x00000000eab00000,0x00000000eab00000,0x00000000ead00000)
  from space 1024K, 53% used [0x00000000eae00000,0x00000000eae88e78,0x00000000eaf00000)
  to   space 1024K, 0% used [0x00000000ead00000,0x00000000ead00000,0x00000000eae00000)
 ParOldGen       total 254976K, used 254807K [0x00000000c0000000, 0x00000000cf900000, 0x00000000eab00000)
  object space 254976K, 99% used [0x00000000c0000000,0x00000000cf8d5c20,0x00000000cf900000)
 Metaspace       used 64304K, committed 65728K, reserved 1114112K
  class space    used 6471K, committed 7104K, reserved 1048576K
}
Event: 133.622 GC heap before
{Heap before GC invocations=249 (full 4):
 PSYoungGen      total 3072K, used 2595K [0x00000000eab00000, 0x00000000eaf00000, 0x0000000100000000)
  eden space 2048K, 100% used [0x00000000eab00000,0x00000000ead00000,0x00000000ead00000)
  from space 1024K, 53% used [0x00000000eae00000,0x00000000eae88e78,0x00000000eaf00000)
  to   space 1024K, 0% used [0x00000000ead00000,0x00000000ead00000,0x00000000eae00000)
 ParOldGen       total 254976K, used 254807K [0x00000000c0000000, 0x00000000cf900000, 0x00000000eab00000)
  object space 254976K, 99% used [0x00000000c0000000,0x00000000cf8d5c20,0x00000000cf900000)
 Metaspace       used 64304K, committed 65728K, reserved 1114112K
  class space    used 6471K, committed 7104K, reserved 1048576K
}
Event: 133.629 GC heap after
{Heap after GC invocations=249 (full 4):
 PSYoungGen      total 3072K, used 870K [0x00000000eab00000, 0x00000000eaf00000, 0x0000000100000000)
  eden space 2048K, 0% used [0x00000000eab00000,0x00000000eab00000,0x00000000ead00000)
  from space 1024K, 85% used [0x00000000ead00000,0x00000000eadd9ae8,0x00000000eae00000)
  to   space 1024K, 0% used [0x00000000eae00000,0x00000000eae00000,0x00000000eaf00000)
 ParOldGen       total 255488K, used 255265K [0x00000000c0000000, 0x00000000cf980000, 0x00000000eab00000)
  object space 255488K, 99% used [0x00000000c0000000,0x00000000cf948420,0x00000000cf980000)
 Metaspace       used 64304K, committed 65728K, reserved 1114112K
  class space    used 6471K, committed 7104K, reserved 1048576K
}
Event: 133.664 GC heap before
{Heap before GC invocations=250 (full 4):
 PSYoungGen      total 3072K, used 2918K [0x00000000eab00000, 0x00000000eaf00000, 0x0000000100000000)
  eden space 2048K, 100% used [0x00000000eab00000,0x00000000ead00000,0x00000000ead00000)
  from space 1024K, 85% used [0x00000000ead00000,0x00000000eadd9ae8,0x00000000eae00000)
  to   space 1024K, 0% used [0x00000000eae00000,0x00000000eae00000,0x00000000eaf00000)
 ParOldGen       total 255488K, used 255265K [0x00000000c0000000, 0x00000000cf980000, 0x00000000eab00000)
  object space 255488K, 99% used [0x00000000c0000000,0x00000000cf948420,0x00000000cf980000)
 Metaspace       used 64304K, committed 65728K, reserved 1114112K
  class space    used 6471K, committed 7104K, reserved 1048576K
}
Event: 133.669 GC heap after
{Heap after GC invocations=250 (full 4):
 PSYoungGen      total 3072K, used 544K [0x00000000eab00000, 0x00000000eaf00000, 0x0000000100000000)
  eden space 2048K, 0% used [0x00000000eab00000,0x00000000eab00000,0x00000000ead00000)
  from space 1024K, 53% used [0x00000000eae00000,0x00000000eae88000,0x00000000eaf00000)
  to   space 1024K, 0% used [0x00000000ead00000,0x00000000ead00000,0x00000000eae00000)
 ParOldGen       total 256512K, used 256057K [0x00000000c0000000, 0x00000000cfa80000, 0x00000000eab00000)
  object space 256512K, 99% used [0x00000000c0000000,0x00000000cfa0e770,0x00000000cfa80000)
 Metaspace       used 64304K, committed 65728K, reserved 1114112K
  class space    used 6471K, committed 7104K, reserved 1048576K
}
Event: 133.695 GC heap before
{Heap before GC invocations=251 (full 4):
 PSYoungGen      total 3072K, used 2592K [0x00000000eab00000, 0x00000000eaf00000, 0x0000000100000000)
  eden space 2048K, 100% used [0x00000000eab00000,0x00000000ead00000,0x00000000ead00000)
  from space 1024K, 53% used [0x00000000eae00000,0x00000000eae88000,0x00000000eaf00000)
  to   space 1024K, 0% used [0x00000000ead00000,0x00000000ead00000,0x00000000eae00000)
 ParOldGen       total 256512K, used 256057K [0x00000000c0000000, 0x00000000cfa80000, 0x00000000eab00000)
  object space 256512K, 99% used [0x00000000c0000000,0x00000000cfa0e770,0x00000000cfa80000)
 Metaspace       used 64304K, committed 65728K, reserved 1114112K
  class space    used 6471K, committed 7104K, reserved 1048576K
}
Event: 133.698 GC heap after
{Heap after GC invocations=251 (full 4):
 PSYoungGen      total 3072K, used 512K [0x00000000eab00000, 0x00000000eaf00000, 0x0000000100000000)
  eden space 2048K, 0% used [0x00000000eab00000,0x00000000eab00000,0x00000000ead00000)
  from space 1024K, 50% used [0x00000000ead00000,0x00000000ead80000,0x00000000eae00000)
  to   space 1024K, 0% used [0x00000000eae00000,0x00000000eae00000,0x00000000eaf00000)
 ParOldGen       total 257024K, used 256516K [0x00000000c0000000, 0x00000000cfb00000, 0x00000000eab00000)
  object space 257024K, 99% used [0x00000000c0000000,0x00000000cfa812f8,0x00000000cfb00000)
 Metaspace       used 64304K, committed 65728K, reserved 1114112K
  class space    used 6471K, committed 7104K, reserved 1048576K
}

